/*C3*/SET SCHEMA PUBLIC
INSERT INTO CATEGORY VALUES('Multimedia')
COMMIT
INSERT INTO TRANSACTIONS VALUES(15,-59.99E0,'2016-11-13','',NULL,'Giro','Multimedia',NULL)
DELETE FROM BALANCE_HISTORY WHERE BANKACCOUNT_NAME='Giro' AND DATE='2016-11-13'
INSERT INTO BALANCE_HISTORY VALUES('2016-11-13',400.65E0,'Giro')
DELETE FROM BALANCE_HISTORY WHERE BANKACCOUNT_NAME='Giro' AND DATE='2016-11-20'
INSERT INTO BALANCE_HISTORY VALUES('2016-11-20',400.65E0,'Giro')
DELETE FROM BALANCE_HISTORY WHERE BANKACCOUNT_NAME='Giro' AND DATE='2016-11-27'
INSERT INTO BALANCE_HISTORY VALUES('2016-11-27',400.65E0,'Giro')
DELETE FROM BALANCE_HISTORY WHERE BANKACCOUNT_NAME='Giro' AND DATE='2016-12-04'
INSERT INTO BALANCE_HISTORY VALUES('2016-12-04',400.65E0,'Giro')
DELETE FROM BALANCE_HISTORY WHERE BANKACCOUNT_NAME='Giro' AND DATE='2016-12-11'
INSERT INTO BALANCE_HISTORY VALUES('2016-12-11',400.65E0,'Giro')
DELETE FROM BALANCE_HISTORY WHERE BANKACCOUNT_NAME='Giro' AND DATE='2016-12-18'
INSERT INTO BALANCE_HISTORY VALUES('2016-12-18',400.65E0,'Giro')
DELETE FROM BALANCE_HISTORY WHERE BANKACCOUNT_NAME='Giro' AND DATE='2016-12-25'
INSERT INTO BALANCE_HISTORY VALUES('2016-12-25',400.65E0,'Giro')
DELETE FROM BALANCE_HISTORY WHERE BANKACCOUNT_NAME='Giro' AND DATE='2017-01-01'
INSERT INTO BALANCE_HISTORY VALUES('2017-01-01',400.65E0,'Giro')
DELETE FROM BALANCE_HISTORY WHERE BANKACCOUNT_NAME='Giro' AND DATE='2017-01-08'
INSERT INTO BALANCE_HISTORY VALUES('2017-01-08',400.65E0,'Giro')
DELETE FROM BALANCE_HISTORY WHERE BANKACCOUNT_NAME='Giro' AND DATE='2017-01-15'
INSERT INTO BALANCE_HISTORY VALUES('2017-01-15',400.65E0,'Giro')
DELETE FROM BALANCE_HISTORY WHERE BANKACCOUNT_NAME='Giro' AND DATE='2017-01-22'
INSERT INTO BALANCE_HISTORY VALUES('2017-01-22',400.65E0,'Giro')
DELETE FROM BALANCE_HISTORY WHERE BANKACCOUNT_NAME='Giro' AND DATE='2017-01-29'
INSERT INTO BALANCE_HISTORY VALUES('2017-01-29',400.65E0,'Giro')
DELETE FROM BALANCE_HISTORY WHERE BANKACCOUNT_NAME='Giro' AND DATE='2017-02-05'
INSERT INTO BALANCE_HISTORY VALUES('2017-02-05',400.65E0,'Giro')
DELETE FROM BALANCE_HISTORY WHERE BANKACCOUNT_NAME='Giro' AND DATE='2017-02-12'
INSERT INTO BALANCE_HISTORY VALUES('2017-02-12',400.65E0,'Giro')
DELETE FROM BALANCE_HISTORY WHERE BANKACCOUNT_NAME='Giro' AND DATE='2017-02-19'
INSERT INTO BALANCE_HISTORY VALUES('2017-02-19',400.65E0,'Giro')
DELETE FROM BALANCE_HISTORY WHERE BANKACCOUNT_NAME='Giro' AND DATE='2017-02-26'
INSERT INTO BALANCE_HISTORY VALUES('2017-02-26',400.65E0,'Giro')
DELETE FROM BALANCE_HISTORY WHERE BANKACCOUNT_NAME='Giro' AND DATE='2017-03-05'
INSERT INTO BALANCE_HISTORY VALUES('2017-03-05',400.65E0,'Giro')
DELETE FROM BALANCE_HISTORY WHERE BANKACCOUNT_NAME='Giro' AND DATE='2017-03-12'
INSERT INTO BALANCE_HISTORY VALUES('2017-03-12',400.65E0,'Giro')
DELETE FROM BALANCE_HISTORY WHERE BANKACCOUNT_NAME='Giro' AND DATE='2017-03-19'
INSERT INTO BALANCE_HISTORY VALUES('2017-03-19',400.65E0,'Giro')
DELETE FROM BALANCE_HISTORY WHERE BANKACCOUNT_NAME='Giro' AND DATE='2017-03-26'
INSERT INTO BALANCE_HISTORY VALUES('2017-03-26',400.65E0,'Giro')
DELETE FROM BALANCE_HISTORY WHERE BANKACCOUNT_NAME='Giro' AND DATE='2017-04-02'
INSERT INTO BALANCE_HISTORY VALUES('2017-04-02',400.65E0,'Giro')
DELETE FROM BALANCE_HISTORY WHERE BANKACCOUNT_NAME='Giro' AND DATE='2017-04-09'
INSERT INTO BALANCE_HISTORY VALUES('2017-04-09',400.65E0,'Giro')
DELETE FROM BALANCE_HISTORY WHERE BANKACCOUNT_NAME='Giro' AND DATE='2017-04-16'
INSERT INTO BALANCE_HISTORY VALUES('2017-04-16',400.65E0,'Giro')
DELETE FROM BALANCE_HISTORY WHERE BANKACCOUNT_NAME='Giro' AND DATE='2017-04-23'
INSERT INTO BALANCE_HISTORY VALUES('2017-04-23',400.65E0,'Giro')
DELETE FROM BALANCE_HISTORY WHERE BANKACCOUNT_NAME='Giro' AND DATE='2017-04-30'
INSERT INTO BALANCE_HISTORY VALUES('2017-04-30',400.65E0,'Giro')
DELETE FROM BALANCE_HISTORY WHERE BANKACCOUNT_NAME='Giro' AND DATE='2017-05-07'
INSERT INTO BALANCE_HISTORY VALUES('2017-05-07',400.65E0,'Giro')
DELETE FROM BALANCE_HISTORY WHERE BANKACCOUNT_NAME='Giro' AND DATE='2017-05-14'
INSERT INTO BALANCE_HISTORY VALUES('2017-05-14',400.65E0,'Giro')
DELETE FROM BALANCE_HISTORY WHERE BANKACCOUNT_NAME='Giro' AND DATE='2017-05-21'
INSERT INTO BALANCE_HISTORY VALUES('2017-05-21',400.65E0,'Giro')
DELETE FROM BALANCE_HISTORY WHERE BANKACCOUNT_NAME='Giro' AND DATE='2017-05-28'
INSERT INTO BALANCE_HISTORY VALUES('2017-05-28',400.65E0,'Giro')
DELETE FROM BALANCE_HISTORY WHERE BANKACCOUNT_NAME='Giro' AND DATE='2017-06-04'
INSERT INTO BALANCE_HISTORY VALUES('2017-06-04',400.65E0,'Giro')
DELETE FROM BALANCE_HISTORY WHERE BANKACCOUNT_NAME='Giro' AND DATE='2017-06-11'
INSERT INTO BALANCE_HISTORY VALUES('2017-06-11',400.65E0,'Giro')
DELETE FROM BALANCE_HISTORY WHERE BANKACCOUNT_NAME='Giro' AND DATE='2017-06-18'
INSERT INTO BALANCE_HISTORY VALUES('2017-06-18',400.65E0,'Giro')
DELETE FROM BALANCE_HISTORY WHERE BANKACCOUNT_NAME='Giro' AND DATE='2017-06-25'
INSERT INTO BALANCE_HISTORY VALUES('2017-06-25',400.65E0,'Giro')
DELETE FROM BALANCE_HISTORY WHERE BANKACCOUNT_NAME='Giro' AND DATE='2017-07-02'
INSERT INTO BALANCE_HISTORY VALUES('2017-07-02',400.65E0,'Giro')
DELETE FROM BALANCE_HISTORY WHERE BANKACCOUNT_NAME='Giro' AND DATE='2017-07-09'
INSERT INTO BALANCE_HISTORY VALUES('2017-07-09',400.65E0,'Giro')
DELETE FROM BALANCE_HISTORY WHERE BANKACCOUNT_NAME='Giro' AND DATE='2017-07-16'
INSERT INTO BALANCE_HISTORY VALUES('2017-07-16',400.65E0,'Giro')
DELETE FROM BALANCE_HISTORY WHERE BANKACCOUNT_NAME='Giro' AND DATE='2017-07-23'
INSERT INTO BALANCE_HISTORY VALUES('2017-07-23',400.65E0,'Giro')
DELETE FROM BALANCE_HISTORY WHERE BANKACCOUNT_NAME='Giro' AND DATE='2017-07-30'
INSERT INTO BALANCE_HISTORY VALUES('2017-07-30',400.65E0,'Giro')
DELETE FROM BALANCE_HISTORY WHERE BANKACCOUNT_NAME='Giro' AND DATE='2017-08-06'
INSERT INTO BALANCE_HISTORY VALUES('2017-08-06',400.65E0,'Giro')
DELETE FROM BALANCE_HISTORY WHERE BANKACCOUNT_NAME='Giro' AND DATE='2017-08-13'
INSERT INTO BALANCE_HISTORY VALUES('2017-08-13',400.65E0,'Giro')
DELETE FROM BALANCE_HISTORY WHERE BANKACCOUNT_NAME='Giro' AND DATE='2017-08-20'
INSERT INTO BALANCE_HISTORY VALUES('2017-08-20',400.65E0,'Giro')
DELETE FROM BALANCE_HISTORY WHERE BANKACCOUNT_NAME='Giro' AND DATE='2017-08-27'
INSERT INTO BALANCE_HISTORY VALUES('2017-08-27',400.65E0,'Giro')
DELETE FROM BALANCE_HISTORY WHERE BANKACCOUNT_NAME='Giro' AND DATE='2017-09-03'
INSERT INTO BALANCE_HISTORY VALUES('2017-09-03',400.65E0,'Giro')
DELETE FROM BALANCE_HISTORY WHERE BANKACCOUNT_NAME='Giro' AND DATE='2017-09-10'
INSERT INTO BALANCE_HISTORY VALUES('2017-09-10',400.65E0,'Giro')
DELETE FROM BALANCE_HISTORY WHERE BANKACCOUNT_NAME='Giro' AND DATE='2017-09-17'
INSERT INTO BALANCE_HISTORY VALUES('2017-09-17',400.65E0,'Giro')
DELETE FROM BALANCE_HISTORY WHERE BANKACCOUNT_NAME='Giro' AND DATE='2017-09-24'
INSERT INTO BALANCE_HISTORY VALUES('2017-09-24',400.65E0,'Giro')
DELETE FROM BALANCE_HISTORY WHERE BANKACCOUNT_NAME='Giro' AND DATE='2017-10-01'
INSERT INTO BALANCE_HISTORY VALUES('2017-10-01',400.65E0,'Giro')
DELETE FROM BALANCE_HISTORY WHERE BANKACCOUNT_NAME='Giro' AND DATE='2017-10-08'
INSERT INTO BALANCE_HISTORY VALUES('2017-10-08',400.65E0,'Giro')
DELETE FROM BALANCE_HISTORY WHERE BANKACCOUNT_NAME='Giro' AND DATE='2017-10-15'
INSERT INTO BALANCE_HISTORY VALUES('2017-10-15',400.65E0,'Giro')
DELETE FROM BALANCE_HISTORY WHERE BANKACCOUNT_NAME='Giro' AND DATE='2017-10-22'
INSERT INTO BALANCE_HISTORY VALUES('2017-10-22',400.65E0,'Giro')
DELETE FROM BALANCE_HISTORY WHERE BANKACCOUNT_NAME='Giro' AND DATE='2017-10-29'
INSERT INTO BALANCE_HISTORY VALUES('2017-10-29',400.65E0,'Giro')
DELETE FROM BALANCE_HISTORY WHERE BANKACCOUNT_NAME='Giro' AND DATE='2017-11-05'
INSERT INTO BALANCE_HISTORY VALUES('2017-11-05',400.65E0,'Giro')
DELETE FROM BALANCE_HISTORY WHERE BANKACCOUNT_NAME='Giro' AND DATE='2017-11-12'
INSERT INTO BALANCE_HISTORY VALUES('2017-11-12',400.65E0,'Giro')
DELETE FROM BALANCE_HISTORY WHERE BANKACCOUNT_NAME='Giro' AND DATE='2017-11-19'
INSERT INTO BALANCE_HISTORY VALUES('2017-11-19',400.65E0,'Giro')
DELETE FROM BALANCE_HISTORY WHERE BANKACCOUNT_NAME='Giro' AND DATE='2017-11-26'
INSERT INTO BALANCE_HISTORY VALUES('2017-11-26',400.65E0,'Giro')
DELETE FROM BALANCE_HISTORY WHERE BANKACCOUNT_NAME='Giro' AND DATE='2017-12-03'
INSERT INTO BALANCE_HISTORY VALUES('2017-12-03',400.65E0,'Giro')
DELETE FROM BALANCE_HISTORY WHERE BANKACCOUNT_NAME='Giro' AND DATE='2017-12-10'
INSERT INTO BALANCE_HISTORY VALUES('2017-12-10',400.65E0,'Giro')
DELETE FROM BALANCE_HISTORY WHERE BANKACCOUNT_NAME='Giro' AND DATE='2017-12-17'
INSERT INTO BALANCE_HISTORY VALUES('2017-12-17',400.65E0,'Giro')
DELETE FROM BALANCE_HISTORY WHERE BANKACCOUNT_NAME='Giro' AND DATE='2017-12-24'
INSERT INTO BALANCE_HISTORY VALUES('2017-12-24',400.65E0,'Giro')
DELETE FROM BALANCE_HISTORY WHERE BANKACCOUNT_NAME='Giro' AND DATE='2017-12-31'
INSERT INTO BALANCE_HISTORY VALUES('2017-12-31',400.65E0,'Giro')
DELETE FROM BALANCE_HISTORY WHERE BANKACCOUNT_NAME='Giro' AND DATE='2018-01-07'
INSERT INTO BALANCE_HISTORY VALUES('2018-01-07',400.65E0,'Giro')
COMMIT
DISCONNECT
